ar -cr libblasLapack.a *.o
grep: warning: GREP_OPTIONS is deprecated; please use an alias or script
grep: warning: GREP_OPTIONS is deprecated; please use an alias or script
'channel.usr' -> 'channel.f'
grep: warning: GREP_OPTIONS is deprecated; please use an alias or script
grep: warning: GREP_OPTIONS is deprecated; please use an alias or script
grep: warning: GREP_OPTIONS is deprecated; please use an alias or script
grep: warning: GREP_OPTIONS is deprecated; please use an alias or script
grep: warning: GREP_OPTIONS is deprecated; please use an alias or script
grep: warning: GREP_OPTIONS is deprecated; please use an alias or script
grep: warning: GREP_OPTIONS is deprecated; please use an alias or script
grep: warning: GREP_OPTIONS is deprecated; please use an alias or script
grep: warning: GREP_OPTIONS is deprecated; please use an alias or script
grep: warning: GREP_OPTIONS is deprecated; please use an alias or script
grep: warning: GREP_OPTIONS is deprecated; please use an alias or script
grep: warning: GREP_OPTIONS is deprecated; please use an alias or script
mpif77  -O2 -cpp -fdefault-real-8 -fdefault-double-8 -std=legacy  -DMPI -DUNDERSCORE -DGLOBAL_LONG_LONG -DTIMER -I/scratch/nobis/Nek5000/run/WavyChannel/StructuredMesh -I/scratch/nobis/Nek5000/core -I./ -I /scratch/nobis/Nek5000/core/experimental  -c /scratch/nobis/Nek5000/run/WavyChannel/StructuredMesh/channel.f
building libnek5000.a ... ar: `u' modifier ignored since `D' is the default (see `U')
done
mpif77  -O2 -cpp -fdefault-real-8 -fdefault-double-8 -std=legacy  -DMPI -DUNDERSCORE -DGLOBAL_LONG_LONG -DTIMER -I/scratch/nobis/Nek5000/run/WavyChannel/StructuredMesh -I/scratch/nobis/Nek5000/core -I./ -I /scratch/nobis/Nek5000/core/experimental -o nek5000 /scratch/nobis/Nek5000/core/drive.f /scratch/nobis/Nek5000/run/WavyChannel/StructuredMesh/channel.o libnek5000.a -L/scratch/nobis/Nek5000/3rd_party/blasLapack -lblasLapack -L/scratch/nobis/Nek5000/3rd_party/gslib/lib -lgs -Wl,--allow-multiple-definition


#############################################################
#                  Compilation successful!                  #
#############################################################
   text	   data	    bss	    dec	    hex	filename
1828358	 179252	180336520	182344130	ade59c2	nek5000

